<?xml version="1.0" encoding="UTF-8"?>
<testsuite xmlns:xsi="http://www.w3.org/2001/XMLSchema-instance" xsi:noNamespaceSchemaLocation="https://maven.apache.org/surefire/maven-surefire-plugin/xsd/surefire-test-report-3.0.xsd" version="3.0" name="com.awslam.awslambda.AwslambdaApplicationTests" time="4.325" tests="1" errors="0" skipped="0" failures="0">
  <properties>
    <property name="java.specification.version" value="17"/>
    <property name="sun.jnu.encoding" value="UTF-8"/>
    <property name="java.class.path" value="/Users/saravanan/workspace-gitup/awslambda/target/test-classes:/Users/saravanan/workspace-gitup/awslambda/target/classes:/Users/saravanan/.m2/repository/org/springframework/boot/spring-boot-starter-web/3.3.4/spring-boot-starter-web-3.3.4.jar:/Users/saravanan/.m2/repository/org/springframework/boot/spring-boot-starter/3.3.4/spring-boot-starter-3.3.4.jar:/Users/saravanan/.m2/repository/org/springframework/boot/spring-boot/3.3.4/spring-boot-3.3.4.jar:/Users/saravanan/.m2/repository/org/springframework/boot/spring-boot-autoconfigure/3.3.4/spring-boot-autoconfigure-3.3.4.jar:/Users/saravanan/.m2/repository/org/springframework/boot/spring-boot-starter-logging/3.3.4/spring-boot-starter-logging-3.3.4.jar:/Users/saravanan/.m2/repository/ch/qos/logback/logback-classic/1.5.8/logback-classic-1.5.8.jar:/Users/saravanan/.m2/repository/ch/qos/logback/logback-core/1.5.8/logback-core-1.5.8.jar:/Users/saravanan/.m2/repository/org/apache/logging/log4j/log4j-to-slf4j/2.23.1/log4j-to-slf4j-2.23.1.jar:/Users/saravanan/.m2/repository/org/slf4j/jul-to-slf4j/2.0.16/jul-to-slf4j-2.0.16.jar:/Users/saravanan/.m2/repository/jakarta/annotation/jakarta.annotation-api/2.1.1/jakarta.annotation-api-2.1.1.jar:/Users/saravanan/.m2/repository/org/yaml/snakeyaml/2.2/snakeyaml-2.2.jar:/Users/saravanan/.m2/repository/org/springframework/boot/spring-boot-starter-json/3.3.4/spring-boot-starter-json-3.3.4.jar:/Users/saravanan/.m2/repository/com/fasterxml/jackson/core/jackson-databind/2.17.2/jackson-databind-2.17.2.jar:/Users/saravanan/.m2/repository/com/fasterxml/jackson/core/jackson-annotations/2.17.2/jackson-annotations-2.17.2.jar:/Users/saravanan/.m2/repository/com/fasterxml/jackson/core/jackson-core/2.17.2/jackson-core-2.17.2.jar:/Users/saravanan/.m2/repository/com/fasterxml/jackson/datatype/jackson-datatype-jdk8/2.17.2/jackson-datatype-jdk8-2.17.2.jar:/Users/saravanan/.m2/repository/com/fasterxml/jackson/datatype/jackson-datatype-jsr310/2.17.2/jackson-datatype-jsr310-2.17.2.jar:/Users/saravanan/.m2/repository/com/fasterxml/jackson/module/jackson-module-parameter-names/2.17.2/jackson-module-parameter-names-2.17.2.jar:/Users/saravanan/.m2/repository/org/springframework/boot/spring-boot-starter-tomcat/3.3.4/spring-boot-starter-tomcat-3.3.4.jar:/Users/saravanan/.m2/repository/org/apache/tomcat/embed/tomcat-embed-core/10.1.30/tomcat-embed-core-10.1.30.jar:/Users/saravanan/.m2/repository/org/apache/tomcat/embed/tomcat-embed-el/10.1.30/tomcat-embed-el-10.1.30.jar:/Users/saravanan/.m2/repository/org/apache/tomcat/embed/tomcat-embed-websocket/10.1.30/tomcat-embed-websocket-10.1.30.jar:/Users/saravanan/.m2/repository/org/springframework/spring-web/6.1.13/spring-web-6.1.13.jar:/Users/saravanan/.m2/repository/org/springframework/spring-beans/6.1.13/spring-beans-6.1.13.jar:/Users/saravanan/.m2/repository/io/micrometer/micrometer-observation/1.13.4/micrometer-observation-1.13.4.jar:/Users/saravanan/.m2/repository/io/micrometer/micrometer-commons/1.13.4/micrometer-commons-1.13.4.jar:/Users/saravanan/.m2/repository/org/springframework/spring-webmvc/6.1.13/spring-webmvc-6.1.13.jar:/Users/saravanan/.m2/repository/org/springframework/spring-aop/6.1.13/spring-aop-6.1.13.jar:/Users/saravanan/.m2/repository/org/springframework/spring-context/6.1.13/spring-context-6.1.13.jar:/Users/saravanan/.m2/repository/org/springframework/spring-expression/6.1.13/spring-expression-6.1.13.jar:/Users/saravanan/.m2/repository/org/springframework/cloud/spring-cloud-starter-function-web/3.1.0/spring-cloud-starter-function-web-3.1.0.jar:/Users/saravanan/.m2/repository/org/springframework/cloud/spring-cloud-function-web/3.1.0/spring-cloud-function-web-3.1.0.jar:/Users/saravanan/.m2/repository/javax/annotation/javax.annotation-api/1.3.2/javax.annotation-api-1.3.2.jar:/Users/saravanan/.m2/repository/org/springframework/cloud/spring-cloud-function-adapter-aws/4.1.3/spring-cloud-function-adapter-aws-4.1.3.jar:/Users/saravanan/.m2/repository/org/springframework/cloud/spring-cloud-function-context/4.1.3/spring-cloud-function-context-4.1.3.jar:/Users/saravanan/.m2/repository/net/jodah/typetools/0.6.2/typetools-0.6.2.jar:/Users/saravanan/.m2/repository/org/springframework/cloud/spring-cloud-function-core/4.1.3/spring-cloud-function-core-4.1.3.jar:/Users/saravanan/.m2/repository/io/projectreactor/reactor-core/3.6.10/reactor-core-3.6.10.jar:/Users/saravanan/.m2/repository/org/reactivestreams/reactive-streams/1.0.4/reactive-streams-1.0.4.jar:/Users/saravanan/.m2/repository/org/springframework/spring-messaging/6.1.13/spring-messaging-6.1.13.jar:/Users/saravanan/.m2/repository/org/json/json/20240303/json-20240303.jar:/Users/saravanan/.m2/repository/org/springframework/boot/spring-boot-starter-test/3.3.4/spring-boot-starter-test-3.3.4.jar:/Users/saravanan/.m2/repository/org/springframework/boot/spring-boot-test/3.3.4/spring-boot-test-3.3.4.jar:/Users/saravanan/.m2/repository/org/springframework/boot/spring-boot-test-autoconfigure/3.3.4/spring-boot-test-autoconfigure-3.3.4.jar:/Users/saravanan/.m2/repository/com/jayway/jsonpath/json-path/2.9.0/json-path-2.9.0.jar:/Users/saravanan/.m2/repository/org/slf4j/slf4j-api/2.0.16/slf4j-api-2.0.16.jar:/Users/saravanan/.m2/repository/jakarta/xml/bind/jakarta.xml.bind-api/4.0.2/jakarta.xml.bind-api-4.0.2.jar:/Users/saravanan/.m2/repository/jakarta/activation/jakarta.activation-api/2.1.3/jakarta.activation-api-2.1.3.jar:/Users/saravanan/.m2/repository/net/minidev/json-smart/2.5.1/json-smart-2.5.1.jar:/Users/saravanan/.m2/repository/net/minidev/accessors-smart/2.5.1/accessors-smart-2.5.1.jar:/Users/saravanan/.m2/repository/org/ow2/asm/asm/9.6/asm-9.6.jar:/Users/saravanan/.m2/repository/org/assertj/assertj-core/3.25.3/assertj-core-3.25.3.jar:/Users/saravanan/.m2/repository/net/bytebuddy/byte-buddy/1.14.19/byte-buddy-1.14.19.jar:/Users/saravanan/.m2/repository/org/awaitility/awaitility/4.2.2/awaitility-4.2.2.jar:/Users/saravanan/.m2/repository/org/hamcrest/hamcrest/2.2/hamcrest-2.2.jar:/Users/saravanan/.m2/repository/org/junit/jupiter/junit-jupiter/5.10.3/junit-jupiter-5.10.3.jar:/Users/saravanan/.m2/repository/org/junit/jupiter/junit-jupiter-api/5.10.3/junit-jupiter-api-5.10.3.jar:/Users/saravanan/.m2/repository/org/opentest4j/opentest4j/1.3.0/opentest4j-1.3.0.jar:/Users/saravanan/.m2/repository/org/junit/platform/junit-platform-commons/1.10.3/junit-platform-commons-1.10.3.jar:/Users/saravanan/.m2/repository/org/apiguardian/apiguardian-api/1.1.2/apiguardian-api-1.1.2.jar:/Users/saravanan/.m2/repository/org/junit/jupiter/junit-jupiter-params/5.10.3/junit-jupiter-params-5.10.3.jar:/Users/saravanan/.m2/repository/org/junit/jupiter/junit-jupiter-engine/5.10.3/junit-jupiter-engine-5.10.3.jar:/Users/saravanan/.m2/repository/org/junit/platform/junit-platform-engine/1.10.3/junit-platform-engine-1.10.3.jar:/Users/saravanan/.m2/repository/org/mockito/mockito-core/5.11.0/mockito-core-5.11.0.jar:/Users/saravanan/.m2/repository/net/bytebuddy/byte-buddy-agent/1.14.19/byte-buddy-agent-1.14.19.jar:/Users/saravanan/.m2/repository/org/objenesis/objenesis/3.3/objenesis-3.3.jar:/Users/saravanan/.m2/repository/org/mockito/mockito-junit-jupiter/5.11.0/mockito-junit-jupiter-5.11.0.jar:/Users/saravanan/.m2/repository/org/skyscreamer/jsonassert/1.5.3/jsonassert-1.5.3.jar:/Users/saravanan/.m2/repository/com/vaadin/external/google/android-json/0.0.20131108.vaadin1/android-json-0.0.20131108.vaadin1.jar:/Users/saravanan/.m2/repository/org/springframework/spring-core/6.1.13/spring-core-6.1.13.jar:/Users/saravanan/.m2/repository/org/springframework/spring-jcl/6.1.13/spring-jcl-6.1.13.jar:/Users/saravanan/.m2/repository/org/springframework/spring-test/6.1.13/spring-test-6.1.13.jar:/Users/saravanan/.m2/repository/org/xmlunit/xmlunit-core/2.9.1/xmlunit-core-2.9.1.jar:/Users/saravanan/.m2/repository/com/amazonaws/aws-lambda-java-core/1.2.1/aws-lambda-java-core-1.2.1.jar:/Users/saravanan/.m2/repository/com/amazonaws/aws-lambda-java-log4j2/1.0.0/aws-lambda-java-log4j2-1.0.0.jar:/Users/saravanan/.m2/repository/org/apache/logging/log4j/log4j-core/2.23.1/log4j-core-2.23.1.jar:/Users/saravanan/.m2/repository/org/apache/logging/log4j/log4j-api/2.23.1/log4j-api-2.23.1.jar:"/>
    <property name="java.vm.vendor" value="Eclipse Adoptium"/>
    <property name="sun.arch.data.model" value="64"/>
    <property name="java.vendor.url" value="https://adoptium.net/"/>
    <property name="user.timezone" value="Europe/London"/>
    <property name="os.name" value="Mac OS X"/>
    <property name="java.vm.specification.version" value="17"/>
    <property name="sun.java.launcher" value="SUN_STANDARD"/>
    <property name="user.country" value="GB"/>
    <property name="sun.boot.library.path" value="/Applications/SpringToolSuite4.app/Contents/Eclipse/plugins/org.eclipse.justj.openjdk.hotspot.jre.full.macosx.x86_64_17.0.2.v20220201-1208/jre/lib"/>
    <property name="sun.java.command" value="/Users/saravanan/workspace-gitup/awslambda/target/surefire/surefirebooter-20241014235925101_3.jar /Users/saravanan/workspace-gitup/awslambda/target/surefire 2024-10-14T23-59-24_902-jvmRun1 surefire-20241014235925101_1tmp surefire_0-20241014235925101_2tmp"/>
    <property name="http.nonProxyHosts" value="local|*.local|169.254/16|*.169.254/16"/>
    <property name="jdk.debug" value="release"/>
    <property name="surefire.test.class.path" value="/Users/saravanan/workspace-gitup/awslambda/target/test-classes:/Users/saravanan/workspace-gitup/awslambda/target/classes:/Users/saravanan/.m2/repository/org/springframework/boot/spring-boot-starter-web/3.3.4/spring-boot-starter-web-3.3.4.jar:/Users/saravanan/.m2/repository/org/springframework/boot/spring-boot-starter/3.3.4/spring-boot-starter-3.3.4.jar:/Users/saravanan/.m2/repository/org/springframework/boot/spring-boot/3.3.4/spring-boot-3.3.4.jar:/Users/saravanan/.m2/repository/org/springframework/boot/spring-boot-autoconfigure/3.3.4/spring-boot-autoconfigure-3.3.4.jar:/Users/saravanan/.m2/repository/org/springframework/boot/spring-boot-starter-logging/3.3.4/spring-boot-starter-logging-3.3.4.jar:/Users/saravanan/.m2/repository/ch/qos/logback/logback-classic/1.5.8/logback-classic-1.5.8.jar:/Users/saravanan/.m2/repository/ch/qos/logback/logback-core/1.5.8/logback-core-1.5.8.jar:/Users/saravanan/.m2/repository/org/apache/logging/log4j/log4j-to-slf4j/2.23.1/log4j-to-slf4j-2.23.1.jar:/Users/saravanan/.m2/repository/org/slf4j/jul-to-slf4j/2.0.16/jul-to-slf4j-2.0.16.jar:/Users/saravanan/.m2/repository/jakarta/annotation/jakarta.annotation-api/2.1.1/jakarta.annotation-api-2.1.1.jar:/Users/saravanan/.m2/repository/org/yaml/snakeyaml/2.2/snakeyaml-2.2.jar:/Users/saravanan/.m2/repository/org/springframework/boot/spring-boot-starter-json/3.3.4/spring-boot-starter-json-3.3.4.jar:/Users/saravanan/.m2/repository/com/fasterxml/jackson/core/jackson-databind/2.17.2/jackson-databind-2.17.2.jar:/Users/saravanan/.m2/repository/com/fasterxml/jackson/core/jackson-annotations/2.17.2/jackson-annotations-2.17.2.jar:/Users/saravanan/.m2/repository/com/fasterxml/jackson/core/jackson-core/2.17.2/jackson-core-2.17.2.jar:/Users/saravanan/.m2/repository/com/fasterxml/jackson/datatype/jackson-datatype-jdk8/2.17.2/jackson-datatype-jdk8-2.17.2.jar:/Users/saravanan/.m2/repository/com/fasterxml/jackson/datatype/jackson-datatype-jsr310/2.17.2/jackson-datatype-jsr310-2.17.2.jar:/Users/saravanan/.m2/repository/com/fasterxml/jackson/module/jackson-module-parameter-names/2.17.2/jackson-module-parameter-names-2.17.2.jar:/Users/saravanan/.m2/repository/org/springframework/boot/spring-boot-starter-tomcat/3.3.4/spring-boot-starter-tomcat-3.3.4.jar:/Users/saravanan/.m2/repository/org/apache/tomcat/embed/tomcat-embed-core/10.1.30/tomcat-embed-core-10.1.30.jar:/Users/saravanan/.m2/repository/org/apache/tomcat/embed/tomcat-embed-el/10.1.30/tomcat-embed-el-10.1.30.jar:/Users/saravanan/.m2/repository/org/apache/tomcat/embed/tomcat-embed-websocket/10.1.30/tomcat-embed-websocket-10.1.30.jar:/Users/saravanan/.m2/repository/org/springframework/spring-web/6.1.13/spring-web-6.1.13.jar:/Users/saravanan/.m2/repository/org/springframework/spring-beans/6.1.13/spring-beans-6.1.13.jar:/Users/saravanan/.m2/repository/io/micrometer/micrometer-observation/1.13.4/micrometer-observation-1.13.4.jar:/Users/saravanan/.m2/repository/io/micrometer/micrometer-commons/1.13.4/micrometer-commons-1.13.4.jar:/Users/saravanan/.m2/repository/org/springframework/spring-webmvc/6.1.13/spring-webmvc-6.1.13.jar:/Users/saravanan/.m2/repository/org/springframework/spring-aop/6.1.13/spring-aop-6.1.13.jar:/Users/saravanan/.m2/repository/org/springframework/spring-context/6.1.13/spring-context-6.1.13.jar:/Users/saravanan/.m2/repository/org/springframework/spring-expression/6.1.13/spring-expression-6.1.13.jar:/Users/saravanan/.m2/repository/org/springframework/cloud/spring-cloud-starter-function-web/3.1.0/spring-cloud-starter-function-web-3.1.0.jar:/Users/saravanan/.m2/repository/org/springframework/cloud/spring-cloud-function-web/3.1.0/spring-cloud-function-web-3.1.0.jar:/Users/saravanan/.m2/repository/javax/annotation/javax.annotation-api/1.3.2/javax.annotation-api-1.3.2.jar:/Users/saravanan/.m2/repository/org/springframework/cloud/spring-cloud-function-adapter-aws/4.1.3/spring-cloud-function-adapter-aws-4.1.3.jar:/Users/saravanan/.m2/repository/org/springframework/cloud/spring-cloud-function-context/4.1.3/spring-cloud-function-context-4.1.3.jar:/Users/saravanan/.m2/repository/net/jodah/typetools/0.6.2/typetools-0.6.2.jar:/Users/saravanan/.m2/repository/org/springframework/cloud/spring-cloud-function-core/4.1.3/spring-cloud-function-core-4.1.3.jar:/Users/saravanan/.m2/repository/io/projectreactor/reactor-core/3.6.10/reactor-core-3.6.10.jar:/Users/saravanan/.m2/repository/org/reactivestreams/reactive-streams/1.0.4/reactive-streams-1.0.4.jar:/Users/saravanan/.m2/repository/org/springframework/spring-messaging/6.1.13/spring-messaging-6.1.13.jar:/Users/saravanan/.m2/repository/org/json/json/20240303/json-20240303.jar:/Users/saravanan/.m2/repository/org/springframework/boot/spring-boot-starter-test/3.3.4/spring-boot-starter-test-3.3.4.jar:/Users/saravanan/.m2/repository/org/springframework/boot/spring-boot-test/3.3.4/spring-boot-test-3.3.4.jar:/Users/saravanan/.m2/repository/org/springframework/boot/spring-boot-test-autoconfigure/3.3.4/spring-boot-test-autoconfigure-3.3.4.jar:/Users/saravanan/.m2/repository/com/jayway/jsonpath/json-path/2.9.0/json-path-2.9.0.jar:/Users/saravanan/.m2/repository/org/slf4j/slf4j-api/2.0.16/slf4j-api-2.0.16.jar:/Users/saravanan/.m2/repository/jakarta/xml/bind/jakarta.xml.bind-api/4.0.2/jakarta.xml.bind-api-4.0.2.jar:/Users/saravanan/.m2/repository/jakarta/activation/jakarta.activation-api/2.1.3/jakarta.activation-api-2.1.3.jar:/Users/saravanan/.m2/repository/net/minidev/json-smart/2.5.1/json-smart-2.5.1.jar:/Users/saravanan/.m2/repository/net/minidev/accessors-smart/2.5.1/accessors-smart-2.5.1.jar:/Users/saravanan/.m2/repository/org/ow2/asm/asm/9.6/asm-9.6.jar:/Users/saravanan/.m2/repository/org/assertj/assertj-core/3.25.3/assertj-core-3.25.3.jar:/Users/saravanan/.m2/repository/net/bytebuddy/byte-buddy/1.14.19/byte-buddy-1.14.19.jar:/Users/saravanan/.m2/repository/org/awaitility/awaitility/4.2.2/awaitility-4.2.2.jar:/Users/saravanan/.m2/repository/org/hamcrest/hamcrest/2.2/hamcrest-2.2.jar:/Users/saravanan/.m2/repository/org/junit/jupiter/junit-jupiter/5.10.3/junit-jupiter-5.10.3.jar:/Users/saravanan/.m2/repository/org/junit/jupiter/junit-jupiter-api/5.10.3/junit-jupiter-api-5.10.3.jar:/Users/saravanan/.m2/repository/org/opentest4j/opentest4j/1.3.0/opentest4j-1.3.0.jar:/Users/saravanan/.m2/repository/org/junit/platform/junit-platform-commons/1.10.3/junit-platform-commons-1.10.3.jar:/Users/saravanan/.m2/repository/org/apiguardian/apiguardian-api/1.1.2/apiguardian-api-1.1.2.jar:/Users/saravanan/.m2/repository/org/junit/jupiter/junit-jupiter-params/5.10.3/junit-jupiter-params-5.10.3.jar:/Users/saravanan/.m2/repository/org/junit/jupiter/junit-jupiter-engine/5.10.3/junit-jupiter-engine-5.10.3.jar:/Users/saravanan/.m2/repository/org/junit/platform/junit-platform-engine/1.10.3/junit-platform-engine-1.10.3.jar:/Users/saravanan/.m2/repository/org/mockito/mockito-core/5.11.0/mockito-core-5.11.0.jar:/Users/saravanan/.m2/repository/net/bytebuddy/byte-buddy-agent/1.14.19/byte-buddy-agent-1.14.19.jar:/Users/saravanan/.m2/repository/org/objenesis/objenesis/3.3/objenesis-3.3.jar:/Users/saravanan/.m2/repository/org/mockito/mockito-junit-jupiter/5.11.0/mockito-junit-jupiter-5.11.0.jar:/Users/saravanan/.m2/repository/org/skyscreamer/jsonassert/1.5.3/jsonassert-1.5.3.jar:/Users/saravanan/.m2/repository/com/vaadin/external/google/android-json/0.0.20131108.vaadin1/android-json-0.0.20131108.vaadin1.jar:/Users/saravanan/.m2/repository/org/springframework/spring-core/6.1.13/spring-core-6.1.13.jar:/Users/saravanan/.m2/repository/org/springframework/spring-jcl/6.1.13/spring-jcl-6.1.13.jar:/Users/saravanan/.m2/repository/org/springframework/spring-test/6.1.13/spring-test-6.1.13.jar:/Users/saravanan/.m2/repository/org/xmlunit/xmlunit-core/2.9.1/xmlunit-core-2.9.1.jar:/Users/saravanan/.m2/repository/com/amazonaws/aws-lambda-java-core/1.2.1/aws-lambda-java-core-1.2.1.jar:/Users/saravanan/.m2/repository/com/amazonaws/aws-lambda-java-log4j2/1.0.0/aws-lambda-java-log4j2-1.0.0.jar:/Users/saravanan/.m2/repository/org/apache/logging/log4j/log4j-core/2.23.1/log4j-core-2.23.1.jar:/Users/saravanan/.m2/repository/org/apache/logging/log4j/log4j-api/2.23.1/log4j-api-2.23.1.jar:"/>
    <property name="sun.cpu.endian" value="little"/>
    <property name="user.home" value="/Users/saravanan"/>
    <property name="user.language" value="en"/>
    <property name="java.specification.vendor" value="Oracle Corporation"/>
    <property name="java.version.date" value="2022-01-18"/>
    <property name="java.home" value="/Applications/SpringToolSuite4.app/Contents/Eclipse/plugins/org.eclipse.justj.openjdk.hotspot.jre.full.macosx.x86_64_17.0.2.v20220201-1208/jre"/>
    <property name="file.separator" value="/"/>
    <property name="style.color" value="always"/>
    <property name="basedir" value="/Users/saravanan/workspace-gitup/awslambda"/>
    <property name="java.vm.compressedOopsMode" value="Zero based"/>
    <property name="line.separator" value="&#10;"/>
    <property name="java.vm.specification.vendor" value="Oracle Corporation"/>
    <property name="java.specification.name" value="Java Platform API Specification"/>
    <property name="FILE_LOG_CHARSET" value="UTF-8"/>
    <property name="java.awt.headless" value="true"/>
    <property name="surefire.real.class.path" value="/Users/saravanan/workspace-gitup/awslambda/target/surefire/surefirebooter-20241014235925101_3.jar"/>
    <property name="sun.management.compiler" value="HotSpot 64-Bit Tiered Compilers"/>
    <property name="ftp.nonProxyHosts" value="local|*.local|169.254/16|*.169.254/16"/>
    <property name="java.runtime.version" value="17.0.2+8"/>
    <property name="user.name" value="saravanan"/>
    <property name="path.separator" value=":"/>
    <property name="os.version" value="15.0.1"/>
    <property name="java.runtime.name" value="OpenJDK Runtime Environment"/>
    <property name="file.encoding" value="UTF-8"/>
    <property name="java.vm.name" value="OpenJDK 64-Bit Server VM"/>
    <property name="java.vendor.version" value="Temurin-17.0.2+8"/>
    <property name="localRepository" value="/Users/saravanan/.m2/repository"/>
    <property name="java.vendor.url.bug" value="https://github.com/adoptium/adoptium-support/issues"/>
    <property name="java.io.tmpdir" value="/var/folders/qg/k4s673l17_vgjctrv4k5h5yc0000gn/T/"/>
    <property name="java.version" value="17.0.2"/>
    <property name="user.dir" value="/Users/saravanan/workspace-gitup/awslambda"/>
    <property name="os.arch" value="x86_64"/>
    <property name="java.vm.specification.name" value="Java Virtual Machine Specification"/>
    <property name="PID" value="60650"/>
    <property name="CONSOLE_LOG_CHARSET" value="UTF-8"/>
    <property name="native.encoding" value="UTF-8"/>
    <property name="java.library.path" value="/Users/saravanan/Library/Java/Extensions:/Library/Java/Extensions:/Network/Library/Java/Extensions:/System/Library/Java/Extensions:/usr/lib/java:."/>
    <property name="java.vm.info" value="mixed mode"/>
    <property name="java.vendor" value="Eclipse Adoptium"/>
    <property name="java.vm.version" value="17.0.2+8"/>
    <property name="sun.io.unicode.encoding" value="UnicodeBig"/>
    <property name="socksNonProxyHosts" value="local|*.local|169.254/16|*.169.254/16"/>
    <property name="java.class.version" value="61.0"/>
    <property name="LOGGED_APPLICATION_NAME" value="[awslambda] "/>
  </properties>
  <testcase name="contextLoads" classname="com.awslam.awslambda.AwslambdaApplicationTests" time="0.947">
    <system-out><![CDATA[23:59:26.368 [main] INFO org.springframework.test.context.support.AnnotationConfigContextLoaderUtils -- Could not detect default configuration classes for test class [com.awslam.awslambda.AwslambdaApplicationTests]: AwslambdaApplicationTests does not declare any static, non-private, non-final, nested classes annotated with @Configuration.
23:59:26.539 [main] INFO org.springframework.boot.test.context.SpringBootTestContextBootstrapper -- Found @SpringBootConfiguration com.awslam.awslambda.AwslambdaApplication for test class com.awslam.awslambda.AwslambdaApplicationTests

  .   ____          _            __ _ _
 /\\ / ___'_ __ _ _(_)_ __  __ _ \ \ \ \
( ( )\___ | '_ | '_| | '_ \/ _` | \ \ \ \
 \\/  ___)| |_)| | | | | || (_| |  ) ) ) )
  '  |____| .__|_| |_|_| |_\__, | / / / /
 =========|_|==============|___/=/_/_/_/

 :: Spring Boot ::                (v3.3.4)

2024-10-14T23:59:27.204+01:00  WARN 60650 --- [awslambda] [           main] ory$DuplicateJsonObjectContextCustomizer : 

Found multiple occurrences of org.json.JSONObject on the class path:

	jar:file:/Users/saravanan/.m2/repository/org/json/json/20240303/json-20240303.jar!/org/json/JSONObject.class
	jar:file:/Users/saravanan/.m2/repository/com/vaadin/external/google/android-json/0.0.20131108.vaadin1/android-json-0.0.20131108.vaadin1.jar!/org/json/JSONObject.class

You may wish to exclude one of them to ensure predictable runtime behavior

2024-10-14T23:59:27.235+01:00  INFO 60650 --- [awslambda] [           main] c.a.awslambda.AwslambdaApplicationTests  : Starting AwslambdaApplicationTests using Java 17.0.2 with PID 60650 (started by saravanan in /Users/saravanan/workspace-gitup/awslambda)
2024-10-14T23:59:27.238+01:00  INFO 60650 --- [awslambda] [           main] c.a.awslambda.AwslambdaApplicationTests  : No active profile set, falling back to 1 default profile: "default"
2024-10-14T23:59:29.413+01:00  INFO 60650 --- [awslambda] [           main] c.a.awslambda.AwslambdaApplicationTests  : Started AwslambdaApplicationTests in 2.718 seconds (process running for 4.166)
]]></system-out>
  </testcase>
</testsuite>